Flow report for AlarmClock
Wed Aug 21 04:06:24 2024
Quartus Prime Version 18.1.0 Build 625 09/12/2018 SJ Lite Edition


---------------------
; Table of Contents ;
---------------------
  1. Legal Notice
  2. Flow Summary
  3. Flow Settings
  4. Flow Non-Default Global Settings
  5. Flow Elapsed Time
  6. Flow OS Summary
  7. Flow Log
  8. Flow Messages
  9. Flow Suppressed Messages



----------------
; Legal Notice ;
----------------
Copyright (C) 2018  Intel Corporation. All rights reserved.
Your use of Intel Corporation's design tools, logic functions 
and other software and tools, and its AMPP partner logic 
functions, and any output files from any of the foregoing 
(including device programming or simulation files), and any 
associated documentation or information are expressly subject 
to the terms and conditions of the Intel Program License 
Subscription Agreement, the Intel Quartus Prime License Agreement,
the Intel FPGA IP License Agreement, or other applicable license
agreement, including, without limitation, that your use is for
the sole purpose of programming logic devices manufactured by
Intel and sold by Intel or its authorized distributors.  Please
refer to the applicable agreement for further details.



+-------------------------------------------------------------------------------+
; Flow Summary                                                                  ;
+---------------------------------+---------------------------------------------+
; Flow Status                     ; Successful - Wed Aug 21 04:06:24 2024       ;
; Quartus Prime Version           ; 18.1.0 Build 625 09/12/2018 SJ Lite Edition ;
; Revision Name                   ; AlarmClock                                  ;
; Top-level Entity Name           ; AlarmClock_inst                             ;
; Family                          ; Cyclone V                                   ;
; Device                          ; 5CSEMA5F31C6                                ;
; Timing Models                   ; Final                                       ;
; Logic utilization (in ALMs)     ; 882 / 32,070 ( 3 % )                        ;
; Total registers                 ; 1217                                        ;
; Total pins                      ; 42 / 457 ( 9 % )                            ;
; Total virtual pins              ; 0                                           ;
; Total block memory bits         ; 403,744 / 4,065,280 ( 10 % )                ;
; Total DSP Blocks                ; 0 / 87 ( 0 % )                              ;
; Total HSSI RX PCSs              ; 0                                           ;
; Total HSSI PMA RX Deserializers ; 0                                           ;
; Total HSSI TX PCSs              ; 0                                           ;
; Total HSSI PMA TX Serializers   ; 0                                           ;
; Total PLLs                      ; 0 / 6 ( 0 % )                               ;
; Total DLLs                      ; 0 / 4 ( 0 % )                               ;
+---------------------------------+---------------------------------------------+


+-----------------------------------------+
; Flow Settings                           ;
+-------------------+---------------------+
; Option            ; Setting             ;
+-------------------+---------------------+
; Start date & time ; 08/21/2024 04:00:54 ;
; Main task         ; Compilation         ;
; Revision Name     ; AlarmClock          ;
+-------------------+---------------------+


+-------------------------------------------------------------------------------------------------------------------------------------------------------+
; Flow Non-Default Global Settings                                                                                                                      ;
+-------------------------------------+--------------------------------------------------------------+---------------+-----------------+----------------+
; Assignment Name                     ; Value                                                        ; Default Value ; Entity Name     ; Section Id     ;
+-------------------------------------+--------------------------------------------------------------+---------------+-----------------+----------------+
; COMPILER_SIGNATURE_ID               ; 273184159248637.172423445307796                              ; --            ; --              ; --             ;
; EDA_OUTPUT_DATA_FORMAT              ; Systemverilog Hdl                                            ; --            ; --              ; eda_simulation ;
; EDA_SIMULATION_TOOL                 ; ModelSim (SystemVerilog)                                     ; <None>        ; --              ; --             ;
; EDA_TIME_SCALE                      ; 1 ps                                                         ; --            ; --              ; eda_simulation ;
; MAX_CORE_JUNCTION_TEMP              ; 85                                                           ; --            ; --              ; --             ;
; MIN_CORE_JUNCTION_TEMP              ; 0                                                            ; --            ; --              ; --             ;
; MISC_FILE                           ; AlarmClock/synthesis/../AlarmClock.cmp                       ; --            ; --              ; --             ;
; MISC_FILE                           ; AlarmClock/synthesis/../../AlarmClock.qsys                   ; --            ; --              ; --             ;
; PARTITION_COLOR                     ; -- (Not supported for targeted family)                       ; --            ; AlarmClock_inst ; Top            ;
; PARTITION_FITTER_PRESERVATION_LEVEL ; -- (Not supported for targeted family)                       ; --            ; AlarmClock_inst ; Top            ;
; PARTITION_NETLIST_TYPE              ; -- (Not supported for targeted family)                       ; --            ; AlarmClock_inst ; Top            ;
; POWER_BOARD_THERMAL_MODEL           ; None (CONSERVATIVE)                                          ; --            ; --              ; --             ;
; POWER_PRESET_COOLING_SOLUTION       ; 23 MM HEAT SINK WITH 200 LFPM AIRFLOW                        ; --            ; --              ; --             ;
; PROJECT_OUTPUT_DIRECTORY            ; output_files                                                 ; --            ; --              ; --             ;
; SLD_FILE                            ; AlarmClock/synthesis/AlarmClock.regmap                       ; --            ; --              ; --             ;
; SLD_FILE                            ; AlarmClock/synthesis/AlarmClock.debuginfo                    ; --            ; --              ; --             ;
; SLD_INFO                            ; QSYS_NAME AlarmClock HAS_SOPCINFO 1 GENERATION_ID 1724147338 ; --            ; --              ; --             ;
; SOPCINFO_FILE                       ; AlarmClock/synthesis/../../AlarmClock.sopcinfo               ; --            ; --              ; --             ;
; SYNTHESIS_ONLY_QIP                  ; On                                                           ; --            ; --              ; --             ;
; TOP_LEVEL_ENTITY                    ; AlarmClock_inst                                              ; AlarmClock    ; --              ; --             ;
+-------------------------------------+--------------------------------------------------------------+---------------+-----------------+----------------+


+--------------------------------------------------------------------------------------------------------------------------+
; Flow Elapsed Time                                                                                                        ;
+----------------------+--------------+-------------------------+---------------------+------------------------------------+
; Module Name          ; Elapsed Time ; Average Processors Used ; Peak Virtual Memory ; Total CPU Time (on all processors) ;
+----------------------+--------------+-------------------------+---------------------+------------------------------------+
; Analysis & Synthesis ; 00:01:00     ; 1.0                     ; 4980 MB             ; 00:01:21                           ;
; Fitter               ; 00:03:46     ; 1.1                     ; 6700 MB             ; 00:05:19                           ;
; Assembler            ; 00:00:15     ; 1.0                     ; 4869 MB             ; 00:00:11                           ;
; Timing Analyzer      ; 00:00:15     ; 1.8                     ; 5203 MB             ; 00:00:22                           ;
; EDA Netlist Writer   ; 00:00:04     ; 1.0                     ; 4782 MB             ; 00:00:04                           ;
; Total                ; 00:05:20     ; --                      ; --                  ; 00:07:17                           ;
+----------------------+--------------+-------------------------+---------------------+------------------------------------+


+------------------------------------------------------------------------------------+
; Flow OS Summary                                                                    ;
+----------------------+------------------+------------+------------+----------------+
; Module Name          ; Machine Hostname ; OS Name    ; OS Version ; Processor type ;
+----------------------+------------------+------------+------------+----------------+
; Analysis & Synthesis ; DESKTOP-61L9NEP  ; Windows 10 ; 10.0       ; x86_64         ;
; Fitter               ; DESKTOP-61L9NEP  ; Windows 10 ; 10.0       ; x86_64         ;
; Assembler            ; DESKTOP-61L9NEP  ; Windows 10 ; 10.0       ; x86_64         ;
; Timing Analyzer      ; DESKTOP-61L9NEP  ; Windows 10 ; 10.0       ; x86_64         ;
; EDA Netlist Writer   ; DESKTOP-61L9NEP  ; Windows 10 ; 10.0       ; x86_64         ;
+----------------------+------------------+------------+------------+----------------+


------------
; Flow Log ;
------------
quartus_map --read_settings_files=on --write_settings_files=off AlarmClock -c AlarmClock
quartus_fit --read_settings_files=off --write_settings_files=off AlarmClock -c AlarmClock
quartus_asm --read_settings_files=off --write_settings_files=off AlarmClock -c AlarmClock
quartus_sta AlarmClock -c AlarmClock
quartus_eda --read_settings_files=off --write_settings_files=off AlarmClock -c AlarmClock



